Дата и время вызова функции: 2025-08-03 02:11:43.631142 
Имя функции: hello_world 
Аргументы функции: args=(), kwargs={} 
Вывод функции: Hello World 

Дата и время вызова функции: 2025-08-03 02:11:43.631566 
Имя функции: summator 
Аргументы функции: args=(2, 2), kwargs={} 
Вывод функции: 4 

Дата и время вызова функции: 2025-08-03 02:11:43.631896 
Имя функции: div 
Аргументы функции: args=(6, 2), kwargs={} 
Вывод функции: 3.0 

Дата и время вызова функции: 2025-08-03 02:11:43.632212 
Имя функции: summator 
Аргументы функции: args=(4.3,), kwargs={'b': 2.2} 
Вывод функции: 6.5 

Дата и время вызова функции: 2025-08-03 02:11:43.633670 
Имя функции: summator 
Аргументы функции: args=(), kwargs={'a': 0, 'b': 0} 
Вывод функции: 0 

